<?xml version="1.0" encoding="UTF-8"?>
<!-- Generated by org.testng.reporters.JUnitReportReporter -->
<testsuite skipped="0" hostname="DESKTOP-DMIMN34" name="Test.TC2_VerifyCostOfProductInListPageAndDetailsPageEqual" tests="1" failures="0" timestamp="27 Mar 2019 18:54:12 GMT" time="5.641" errors="0">
  <testcase name="VerifyCostOfProductInListPageAndDetailsPageEqual" time="5.641" classname="Test.TC2_VerifyCostOfProductInListPageAndDetailsPageEqual"/>
</testsuite> <!-- Test.TC2_VerifyCostOfProductInListPageAndDetailsPageEqual -->
