<?xml version="1.0" encoding="UTF-8"?>
<!-- Generated by org.testng.reporters.JUnitReportReporter -->
<testsuite skipped="0" hostname="DESKTOP-DMIMN34" name="Test.TC3_VerifyCannotAddMoreProductInCartThanAvailableInStore" tests="1" failures="0" timestamp="27 Mar 2019 18:54:12 GMT" time="13.087" errors="0">
  <testcase name="VerifyCostOfProductInListPageAndDetailsPageEqual" time="13.087" classname="Test.TC3_VerifyCannotAddMoreProductInCartThanAvailableInStore"/>
</testsuite> <!-- Test.TC3_VerifyCannotAddMoreProductInCartThanAvailableInStore -->
