<?xml version="1.0" encoding="UTF-8"?>
<!-- Generated by org.testng.reporters.JUnitReportReporter -->
<testsuite skipped="0" hostname="DESKTOP-DMIMN34" name="Test.TC4_VerifyAbleToCompareTwoProduct" tests="1" failures="0" timestamp="19 Apr 2019 19:32:09 GMT" time="15.481" errors="0">
  <testcase name="VerifyCostOfProductInListPageAndDetailsPageEqual" time="15.481" classname="Test.TC4_VerifyAbleToCompareTwoProduct"/>
</testsuite> <!-- Test.TC4_VerifyAbleToCompareTwoProduct -->
