<?xml version="1.0" encoding="UTF-8"?>
<!-- Generated by org.testng.reporters.JUnitReportReporter -->
<testsuite skipped="0" hostname="DESKTOP-DMIMN34" name="Test.TC1_VerifyItemInMobileListPageCanBeSortedByName" tests="1" failures="0" timestamp="19 Apr 2019 18:44:09 GMT" time="11.324" errors="0">
  <testcase name="VerifyItemInMobileListPageCanBeSortedByName" time="11.324" classname="Test.TC1_VerifyItemInMobileListPageCanBeSortedByName"/>
</testsuite> <!-- Test.TC1_VerifyItemInMobileListPageCanBeSortedByName -->
