<?xml version="1.0" encoding="UTF-8"?>
<!-- Generated by org.testng.reporters.JUnitReportReporter -->
<testsuite skipped="0" hostname="DESKTOP-DMIMN34" name="Test.TC3_VerifyCannotAddMoreProductInCartThanAvailableInStore" tests="1" failures="0" timestamp="19 Apr 2019 19:03:55 GMT" time="18.337" errors="0">
  <testcase name="VerifyCostOfProductInListPageAndDetailsPageEqual" time="18.337" classname="Test.TC3_VerifyCannotAddMoreProductInCartThanAvailableInStore"/>
</testsuite> <!-- Test.TC3_VerifyCannotAddMoreProductInCartThanAvailableInStore -->
