<?xml version="1.0" encoding="UTF-8"?>
<!-- Generated by org.testng.reporters.JUnitReportReporter -->
<testsuite skipped="0" hostname="DESKTOP-DMIMN34" name="Test.TC2_VerifyCostOfProductInListPageAndDetailsPageEqual" tests="1" failures="0" timestamp="19 Apr 2019 18:54:02 GMT" time="10.728" errors="0">
  <testcase name="VerifyCostOfProductInListPageAndDetailsPageEqual" time="10.728" classname="Test.TC2_VerifyCostOfProductInListPageAndDetailsPageEqual"/>
</testsuite> <!-- Test.TC2_VerifyCostOfProductInListPageAndDetailsPageEqual -->
