<?xml version="1.0" encoding="UTF-8"?>
<!-- Generated by org.testng.reporters.JUnitReportReporter -->
<testsuite skipped="0" hostname="DESKTOP-DMIMN34" name="Test.TC6_VerifyUserCanPurchaseProductUsingRegisteredEmailId" tests="1" failures="0" timestamp="28 Mar 2019 13:09:47 GMT" time="10.848" errors="0">
  <testcase name="VerifyUserCanPurchaseProductUsingRegisteredEmailId" time="10.848" classname="Test.TC6_VerifyUserCanPurchaseProductUsingRegisteredEmailId"/>
</testsuite> <!-- Test.TC6_VerifyUserCanPurchaseProductUsingRegisteredEmailId -->
