<?xml version="1.0" encoding="UTF-8"?>
<!-- Generated by org.testng.reporters.JUnitReportReporter -->
<testsuite skipped="0" hostname="DESKTOP-DMIMN34" name="Test.TC8_VerifyBeAbleToChangeOrReorderPreviouslyAddedProduct" tests="1" failures="0" timestamp="09 Apr 2019 19:51:30 GMT" time="37.395" errors="0">
  <testcase name="verifyBeAbleToChangeOrReorderPreviouslyAddedProduct" time="37.395" classname="Test.TC8_VerifyBeAbleToChangeOrReorderPreviouslyAddedProduct"/>
</testsuite> <!-- Test.TC8_VerifyBeAbleToChangeOrReorderPreviouslyAddedProduct -->
