<?xml version="1.0" encoding="UTF-8"?>
<!-- Generated by org.testng.reporters.JUnitReportReporter -->
<testsuite skipped="0" hostname="DESKTOP-DMIMN34" name="Test.TC5_VerifyCanCreateAccountAndShareWishlistToOtherPeopleUsingEmail" tests="1" failures="0" timestamp="28 Mar 2019 13:09:47 GMT" time="18.540" errors="0">
  <testcase name="VerifyCostOfProductInListPageAndDetailsPageEqual" time="18.540" classname="Test.TC5_VerifyCanCreateAccountAndShareWishlistToOtherPeopleUsingEmail"/>
</testsuite> <!-- Test.TC5_VerifyCanCreateAccountAndShareWishlistToOtherPeopleUsingEmail -->
