<?xml version="1.0" encoding="UTF-8"?>
<!-- Generated by org.testng.reporters.JUnitReportReporter -->
<testsuite skipped="0" hostname="DESKTOP-DMIMN34" name="Test.TC1_VerifyItemInMobileListPageCanBeSortedByName" tests="1" failures="0" timestamp="27 Mar 2019 19:17:23 GMT" time="9.550" errors="0">
  <testcase name="VerifyItemInMobileListPageCanBeSortedByName" time="9.550" classname="Test.TC1_VerifyItemInMobileListPageCanBeSortedByName"/>
</testsuite> <!-- Test.TC1_VerifyItemInMobileListPageCanBeSortedByName -->
