<?xml version="1.0" encoding="UTF-8"?>
<!-- Generated by org.testng.reporters.JUnitReportReporter -->
<testsuite skipped="0" hostname="DESKTOP-DMIMN34" name="Test.TC7_VerifyBeAbleToSavePreviousPlacedOrderAsPDF" tests="1" failures="0" timestamp="08 Apr 2019 20:30:11 GMT" time="25.007" errors="0">
  <testcase name="verifyBeAbleToSavePreviousPlacedOrderAsPDF" time="25.007" classname="Test.TC7_VerifyBeAbleToSavePreviousPlacedOrderAsPDF"/>
</testsuite> <!-- Test.TC7_VerifyBeAbleToSavePreviousPlacedOrderAsPDF -->
