<?xml version="1.0" encoding="UTF-8"?>
<!-- Generated by org.testng.reporters.JUnitReportReporter -->
<testsuite skipped="0" hostname="DESKTOP-DMIMN34" name="Pages.CheckoutPage" tests="1" failures="0" timestamp="09 Apr 2019 19:44:06 GMT" time="0.000" errors="0">
  <testcase name="checkShippingCostAddedToGrandTotal" time="0.000" classname="Pages.CheckoutPage"/>
</testsuite> <!-- Pages.CheckoutPage -->
