<?xml version="1.0" encoding="UTF-8"?>
<!-- Generated by org.testng.reporters.JUnitReportReporter -->
<testsuite skipped="0" hostname="DESKTOP-DMIMN34" name="Base.BaseTest" tests="1" failures="0" timestamp="07 Apr 2019 13:38:47 GMT" time="0.008" errors="0">
  <testcase name="generateEmailAddress" time="0.008" classname="Base.BaseTest"/>
</testsuite> <!-- Base.BaseTest -->
